2025-08-20 12:07:11:711 [32minfo[39m: [32mServeur démarré sur le port 3000[39m
2025-08-20 12:07:11:711 [32minfo[39m: [32mEnvironnement: undefined[39m
2025-08-20 12:07:11:711 [32minfo[39m: [32mScheduler démarré avec succès[39m
2025-08-20 12:07:11:711 [32minfo[39m: [32mConnexion MongoDB réussie[39m
2025-08-20 12:07:20:720 [32minfo[39m: [32mServeur démarré sur le port 3000[39m
2025-08-20 12:07:20:720 [32minfo[39m: [32mEnvironnement: undefined[39m
2025-08-20 12:07:20:720 [32minfo[39m: [32mScheduler démarré avec succès[39m
2025-08-20 12:07:20:720 [32minfo[39m: [32mConnexion MongoDB réussie[39m
2025-08-20 12:07:49:749 [32minfo[39m: [32mServeur démarré sur le port 3000[39m
2025-08-20 12:07:49:749 [32minfo[39m: [32mEnvironnement: undefined[39m
2025-08-20 12:07:49:749 [32minfo[39m: [32mScheduler démarré avec succès[39m
2025-08-20 12:07:49:749 [32minfo[39m: [32mConnexion MongoDB réussie[39m
2025-08-20 12:07:56:756 [32minfo[39m: [32mServeur démarré sur le port 3000[39m
2025-08-20 12:07:56:756 [32minfo[39m: [32mEnvironnement: undefined[39m
2025-08-20 12:07:56:756 [32minfo[39m: [32mScheduler démarré avec succès[39m
2025-08-20 12:07:56:756 [32minfo[39m: [32mConnexion MongoDB réussie[39m
2025-08-20 12:37:00:370 [32minfo[39m: [32mServeur démarré sur le port 3000[39m
2025-08-20 12:37:00:370 [32minfo[39m: [32mEnvironnement: undefined[39m
2025-08-20 12:37:00:370 [32minfo[39m: [32mScheduler démarré avec succès[39m
2025-08-20 12:37:00:370 [32minfo[39m: [32mConnexion MongoDB réussie[39m
2025-08-20 12:43:35:4335 [32minfo[39m: [32mServeur démarré sur le port 3000[39m
2025-08-20 12:43:35:4335 [32minfo[39m: [32mEnvironnement: undefined[39m
2025-08-20 12:43:35:4335 [32minfo[39m: [32mScheduler démarré avec succès[39m
2025-08-20 12:43:35:4335 [32minfo[39m: [32mConnexion MongoDB réussie[39m
2025-08-20 12:45:57:4557 [32minfo[39m: [32mServeur démarré sur le port 3000[39m
2025-08-20 12:45:57:4557 [32minfo[39m: [32mEnvironnement: undefined[39m
2025-08-20 12:45:57:4557 [32minfo[39m: [32mScheduler démarré avec succès[39m
2025-08-20 12:45:57:4557 [32minfo[39m: [32mConnexion MongoDB réussie[39m
2025-08-20 12:46:29:4629 [32minfo[39m: [32mServeur démarré sur le port 3000[39m
2025-08-20 12:46:29:4629 [32minfo[39m: [32mEnvironnement: undefined[39m
2025-08-20 12:46:29:4629 [32minfo[39m: [32mScheduler démarré avec succès[39m
2025-08-20 12:46:30:4630 [32minfo[39m: [32mConnexion MongoDB réussie[39m
2025-08-20 12:47:56:4756 [32minfo[39m: [32mServeur démarré sur le port 3000[39m
2025-08-20 12:47:56:4756 [32minfo[39m: [32mEnvironnement: undefined[39m
2025-08-20 12:47:56:4756 [32minfo[39m: [32mScheduler démarré avec succès[39m
2025-08-20 12:47:56:4756 [32minfo[39m: [32mConnexion MongoDB réussie[39m
2025-08-20 12:50:23:5023 [32minfo[39m: [32mServeur démarré sur le port 3000[39m
2025-08-20 12:50:23:5023 [32minfo[39m: [32mEnvironnement: undefined[39m
2025-08-20 12:50:23:5023 [32minfo[39m: [32mScheduler démarré avec succès[39m
2025-08-20 12:50:23:5023 [32minfo[39m: [32mConnexion MongoDB réussie[39m
2025-08-20 13:07:02:72 [32minfo[39m: [32mServeur démarré sur le port 3000[39m
2025-08-20 13:07:02:72 [32minfo[39m: [32mEnvironnement: undefined[39m
2025-08-20 13:07:02:72 [32minfo[39m: [32mScheduler démarré avec succès[39m
2025-08-20 13:07:02:72 [32minfo[39m: [32mConnexion MongoDB réussie[39m
2025-08-20 13:09:57:957 [32minfo[39m: [32mServeur démarré sur le port 3000[39m
2025-08-20 13:09:57:957 [32minfo[39m: [32mEnvironnement: undefined[39m
2025-08-20 13:09:57:957 [32minfo[39m: [32mScheduler démarré avec succès[39m
2025-08-20 13:09:57:957 [32minfo[39m: [32mConnexion MongoDB réussie[39m
2025-08-20 13:10:27:1027 [32minfo[39m: [32mServeur démarré sur le port 3000[39m
2025-08-20 13:10:27:1027 [32minfo[39m: [32mEnvironnement: undefined[39m
2025-08-20 13:10:27:1027 [32minfo[39m: [32mScheduler démarré avec succès[39m
2025-08-20 13:10:27:1027 [32minfo[39m: [32mConnexion MongoDB réussie[39m
2025-08-20 13:15:33:1533 [32minfo[39m: [32mServeur démarré sur le port 3000[39m
2025-08-20 13:15:33:1533 [32minfo[39m: [32mEnvironnement: undefined[39m
2025-08-20 13:15:33:1533 [32minfo[39m: [32mScheduler démarré avec succès[39m
2025-08-20 13:15:33:1533 [32minfo[39m: [32mConnexion MongoDB réussie[39m
2025-08-20 13:32:09:329 [32minfo[39m: [32mServeur démarré sur le port 3000[39m
2025-08-20 13:32:09:329 [32minfo[39m: [32mEnvironnement: undefined[39m
2025-08-20 13:32:10:3210 [32minfo[39m: [32mScheduler démarré avec succès[39m
2025-08-20 13:32:10:3210 [32minfo[39m: [32mConnexion MongoDB réussie[39m
2025-08-20 13:32:15:3215 [32minfo[39m: [32mServeur démarré sur le port 3000[39m
2025-08-20 13:32:15:3215 [32minfo[39m: [32mEnvironnement: undefined[39m
2025-08-20 13:32:15:3215 [32minfo[39m: [32mScheduler démarré avec succès[39m
2025-08-20 13:32:15:3215 [32minfo[39m: [32mConnexion MongoDB réussie[39m
2025-08-20 13:33:07:337 [32minfo[39m: [32mSIGINT reçu, arrêt du serveur...[39m
2025-08-20 13:33:14:3314 [32minfo[39m: [32mServeur démarré sur le port 3000[39m
2025-08-20 13:33:14:3314 [32minfo[39m: [32mEnvironnement: undefined[39m
2025-08-20 13:33:14:3314 [32minfo[39m: [32mScheduler démarré avec succès[39m
2025-08-20 13:33:14:3314 [32minfo[39m: [32mConnexion MongoDB réussie[39m
2025-08-20 23:54:24:5424 [32minfo[39m: [32m🚀 Serveur démarré sur http://localhost:3000[39m
2025-08-20 23:54:24:5424 [32minfo[39m: [32m🌍 Environnement: undefined[39m
2025-08-20 23:54:24:5424 [32minfo[39m: [32mScheduler démarré avec succès[39m
2025-08-20 23:54:24:5424 [32minfo[39m: [32m✅ Connexion MongoDB réussie[39m
2025-08-20 23:56:09:569 [32minfo[39m: [32m🚀 Serveur démarré sur http://localhost:3000[39m
2025-08-20 23:56:09:569 [32minfo[39m: [32m🌍 Environnement: undefined[39m
2025-08-20 23:56:09:569 [32minfo[39m: [32mScheduler démarré avec succès[39m
2025-08-20 23:56:09:569 [32minfo[39m: [32m✅ Connexion MongoDB réussie[39m
2025-08-21 00:03:18:318 [32minfo[39m: [32m🚀 Serveur démarré sur http://localhost:3000[39m
2025-08-21 00:03:18:318 [32minfo[39m: [32m🌍 Environnement: undefined[39m
2025-08-21 00:03:18:318 [32minfo[39m: [32mScheduler démarré avec succès[39m
2025-08-21 00:03:19:319 [32minfo[39m: [32m✅ Connexion MongoDB réussie[39m
2025-08-23 11:11:00:110 [32minfo[39m: [32m🚀 Serveur démarré sur http://localhost:3000[39m
2025-08-23 11:11:00:110 [32minfo[39m: [32m🌍 Environnement: undefined[39m
2025-08-23 11:11:00:110 [32minfo[39m: [32mScheduler démarré avec succès[39m
2025-08-23 11:11:00:110 [32minfo[39m: [32m✅ Connexion MongoDB réussie[39m
2025-08-23 11:11:55:1155 [32minfo[39m: [32mSIGINT reçu, arrêt du serveur...[39m
2025-08-23 11:12:38:1238 [32minfo[39m: [32m🚀 Serveur démarré sur http://localhost:3000[39m
2025-08-23 11:12:38:1238 [32minfo[39m: [32m🌍 Environnement: undefined[39m
2025-08-23 11:12:38:1238 [32minfo[39m: [32mScheduler démarré avec succès[39m
2025-08-23 11:12:38:1238 [32minfo[39m: [32m✅ Connexion MongoDB réussie[39m
2025-08-23 11:18:23:1823 [32minfo[39m: [32m🚀 Serveur démarré sur http://localhost:3000[39m
2025-08-23 11:18:23:1823 [32minfo[39m: [32m🌍 Environnement: undefined[39m
2025-08-23 11:18:23:1823 [32minfo[39m: [32mScheduler démarré avec succès[39m
2025-08-23 11:18:23:1823 [32minfo[39m: [32m✅ Connexion MongoDB réussie[39m
2025-08-23 11:18:43:1843 [32minfo[39m: [32mSIGINT reçu, arrêt du serveur...[39m
2025-08-23 11:18:50:1850 [32minfo[39m: [32m🚀 Serveur démarré sur http://localhost:3000[39m
2025-08-23 11:18:50:1850 [32minfo[39m: [32m🌍 Environnement: undefined[39m
2025-08-23 11:18:50:1850 [32minfo[39m: [32mScheduler démarré avec succès[39m
2025-08-23 11:18:50:1850 [32minfo[39m: [32m✅ Connexion MongoDB réussie[39m
2025-08-23 12:25:04:254 [32minfo[39m: [32m🚀 Serveur démarré sur http://localhost:3000[39m
2025-08-23 12:25:05:255 [32minfo[39m: [32m🌍 Environnement: undefined[39m
2025-08-23 12:25:05:255 [32minfo[39m: [32mScheduler démarré avec succès[39m
2025-08-23 12:25:05:255 [32minfo[39m: [32m✅ Connexion MongoDB réussie[39m
2025-08-23 20:00:34:034 [32minfo[39m: [32m🚀 Serveur démarré sur http://localhost:3000[39m
2025-08-23 20:00:34:034 [32minfo[39m: [32m🌍 Environnement: undefined[39m
2025-08-23 20:00:34:034 [32minfo[39m: [32mScheduler démarré avec succès[39m
2025-08-23 20:00:34:034 [32minfo[39m: [32m✅ Connexion MongoDB réussie[39m
2025-08-23 20:17:44:1744 [32minfo[39m: [32m::ffff:127.0.0.1 - - [23/Aug/2025:17:17:44 +0000] "GET / HTTP/1.1" 404 41 "-" "Mozilla/5.0 (X11; Ubuntu; Linux x86_64; rv:142.0) Gecko/20100101 Firefox/142.0"[39m
2025-08-23 20:17:44:1744 [32minfo[39m: [32m::ffff:127.0.0.1 - - [23/Aug/2025:17:17:44 +0000] "GET /favicon.ico HTTP/1.1" 404 52 "-" "Mozilla/5.0 (X11; Ubuntu; Linux x86_64; rv:142.0) Gecko/20100101 Firefox/142.0"[39m
2025-08-23 20:18:19:1819 [32minfo[39m: [32mSIGINT reçu, arrêt du serveur...[39m
2025-08-23 20:24:08:248 [32minfo[39m: [32m🚀 Serveur démarré sur http://localhost:3000[39m
2025-08-23 20:24:08:248 [32minfo[39m: [32m🌍 Environnement: undefined[39m
2025-08-23 20:24:08:248 [32minfo[39m: [32mScheduler démarré avec succès[39m
2025-08-23 20:24:08:248 [32minfo[39m: [32m✅ Connexion MongoDB réussie[39m
2025-08-23 20:37:52:3752 [32minfo[39m: [32m::ffff:127.0.0.1 - - [23/Aug/2025:17:37:52 +0000] "GET /api/health HTTP/1.1" 200 54 "-" "Mozilla/5.0 (X11; Ubuntu; Linux x86_64; rv:142.0) Gecko/20100101 Firefox/142.0"[39m
2025-08-23 20:37:52:3752 [32minfo[39m: [32m::ffff:127.0.0.1 - - [23/Aug/2025:17:37:52 +0000] "GET /favicon.ico HTTP/1.1" 404 52 "-" "Mozilla/5.0 (X11; Ubuntu; Linux x86_64; rv:142.0) Gecko/20100101 Firefox/142.0"[39m
2025-08-23 21:05:53:553 [32minfo[39m: [32m🚀 Serveur démarré sur http://localhost:3000[39m
2025-08-23 21:05:53:553 [32minfo[39m: [32m🌍 Environnement: undefined[39m
2025-08-23 21:05:53:553 [32minfo[39m: [32mScheduler démarré avec succès[39m
2025-08-23 21:05:53:553 [32minfo[39m: [32m✅ Connexion MongoDB réussie[39m
2025-08-23 21:24:28:2428 [32minfo[39m: [32mSIGINT reçu, arrêt du serveur...[39m
2025-08-23 21:24:56:2456 [32minfo[39m: [32m🚀 Serveur démarré sur http://localhost:3000[39m
2025-08-23 21:24:56:2456 [32minfo[39m: [32m🌍 Environnement: undefined[39m
2025-08-23 21:24:56:2456 [32minfo[39m: [32mScheduler démarré avec succès[39m
2025-08-23 21:24:56:2456 [32minfo[39m: [32m✅ Connexion MongoDB réussie[39m
2025-08-24 12:40:25:4025 [32minfo[39m: [32m🚀 Serveur démarré sur http://localhost:3000[39m
2025-08-24 12:40:25:4025 [32minfo[39m: [32m🌍 Environnement: undefined[39m
2025-08-24 12:40:25:4025 [32minfo[39m: [32mScheduler démarré avec succès[39m
2025-08-24 12:40:25:4025 [32minfo[39m: [32m✅ Connexion MongoDB réussie[39m
2025-08-24 13:18:24:1824 [32minfo[39m: [32m::1 - - [24/Aug/2025:10:18:24 +0000] "POST /api/auth/login HTTP/1.1" 400 182 "http://localhost:5173/" "Mozilla/5.0 (X11; Linux x86_64) AppleWebKit/537.36 (KHTML, like Gecko) Chrome/139.0.0.0 Safari/537.36"[39m
2025-08-24 13:19:07:197 [32minfo[39m: [32m::1 - - [24/Aug/2025:10:19:07 +0000] "POST /api/auth/login HTTP/1.1" 401 61 "http://localhost:5173/" "Mozilla/5.0 (X11; Linux x86_64) AppleWebKit/537.36 (KHTML, like Gecko) Chrome/139.0.0.0 Safari/537.36"[39m
2025-08-24 14:03:56:356 [32minfo[39m: [32m::1 - - [24/Aug/2025:11:03:56 +0000] "POST /api/auth/login HTTP/1.1" 401 61 "http://localhost:5173/" "Mozilla/5.0 (X11; Linux x86_64) AppleWebKit/537.36 (KHTML, like Gecko) Chrome/139.0.0.0 Safari/537.36"[39m
2025-08-24 22:16:05:165 [32minfo[39m: [32m::1 - - [24/Aug/2025:19:16:05 +0000] "POST /api/auth/login HTTP/1.1" 401 61 "http://localhost:5173/" "Mozilla/5.0 (X11; Linux x86_64) AppleWebKit/537.36 (KHTML, like Gecko) Chrome/139.0.0.0 Safari/537.36"[39m
2025-08-24 22:16:10:1610 [32minfo[39m: [32m::1 - - [24/Aug/2025:19:16:10 +0000] "POST /api/auth/login HTTP/1.1" 400 182 "http://localhost:5173/" "Mozilla/5.0 (X11; Linux x86_64) AppleWebKit/537.36 (KHTML, like Gecko) Chrome/139.0.0.0 Safari/537.36"[39m
2025-08-24 22:16:12:1612 [32minfo[39m: [32m::1 - - [24/Aug/2025:19:16:12 +0000] "POST /api/auth/login HTTP/1.1" 400 182 "http://localhost:5173/" "Mozilla/5.0 (X11; Linux x86_64) AppleWebKit/537.36 (KHTML, like Gecko) Chrome/139.0.0.0 Safari/537.36"[39m
2025-08-24 22:16:37:1637 [32minfo[39m: [32m::1 - - [24/Aug/2025:19:16:37 +0000] "POST /api/auth/login HTTP/1.1" 401 61 "http://localhost:5173/" "Mozilla/5.0 (X11; Linux x86_64) AppleWebKit/537.36 (KHTML, like Gecko) Chrome/139.0.0.0 Safari/537.36"[39m
2025-08-24 22:21:56:2156 [32minfo[39m: [32m::1 - - [24/Aug/2025:19:21:56 +0000] "POST /api/auth/login HTTP/1.1" 401 61 "http://localhost:5173/" "Mozilla/5.0 (X11; Linux x86_64) AppleWebKit/537.36 (KHTML, like Gecko) Chrome/139.0.0.0 Safari/537.36"[39m
2025-08-25 09:08:28:828 [32minfo[39m: [32m🚀 Serveur démarré sur http://localhost:3000[39m
2025-08-25 09:08:28:828 [32minfo[39m: [32m🌍 Environnement: undefined[39m
2025-08-25 09:08:28:828 [32minfo[39m: [32mScheduler démarré avec succès[39m
2025-08-25 09:08:29:829 [32minfo[39m: [32m✅ Connexion MongoDB réussie[39m
2025-08-25 09:39:21:3921 [32minfo[39m: [32m::1 - - [25/Aug/2025:06:39:21 +0000] "POST /api/auth/login HTTP/1.1" 401 61 "http://localhost:5173/" "Mozilla/5.0 (X11; Linux x86_64) AppleWebKit/537.36 (KHTML, like Gecko) Chrome/139.0.0.0 Safari/537.36"[39m
2025-08-25 10:21:38:2138 [32minfo[39m: [32m::1 - - [25/Aug/2025:07:21:38 +0000] "POST /api/auth/login HTTP/1.1" 401 61 "http://localhost:5173/" "Mozilla/5.0 (X11; Linux x86_64) AppleWebKit/537.36 (KHTML, like Gecko) Chrome/139.0.0.0 Safari/537.36"[39m
2025-08-25 10:45:21:4521 [32minfo[39m: [32m::1 - - [25/Aug/2025:07:45:21 +0000] "POST /api/auth/login HTTP/1.1" 401 61 "http://localhost:5173/" "Mozilla/5.0 (X11; Linux x86_64) AppleWebKit/537.36 (KHTML, like Gecko) Chrome/139.0.0.0 Safari/537.36"[39m
2025-08-25 10:45:56:4556 [32minfo[39m: [32m::1 - - [25/Aug/2025:07:45:56 +0000] "POST /api/auth/login HTTP/1.1" 401 61 "http://localhost:5173/" "Mozilla/5.0 (X11; Linux x86_64) AppleWebKit/537.36 (KHTML, like Gecko) Chrome/139.0.0.0 Safari/537.36"[39m
2025-08-25 11:04:42:442 [32minfo[39m: [32m::1 - - [25/Aug/2025:08:04:42 +0000] "POST /api/auth/login HTTP/1.1" 401 61 "http://localhost:5173/" "Mozilla/5.0 (X11; Linux x86_64) AppleWebKit/537.36 (KHTML, like Gecko) Chrome/139.0.0.0 Safari/537.36"[39m
2025-08-25 11:19:31:1931 [32minfo[39m: [32m::1 - - [25/Aug/2025:08:19:31 +0000] "POST /api/auth/login HTTP/1.1" 401 61 "http://localhost:5173/" "Mozilla/5.0 (X11; Linux x86_64) AppleWebKit/537.36 (KHTML, like Gecko) Chrome/139.0.0.0 Safari/537.36"[39m
2025-08-25 11:50:39:5039 [32minfo[39m: [32m::1 - - [25/Aug/2025:08:50:39 +0000] "POST /api/auth/login HTTP/1.1" 401 61 "http://localhost:5173/" "Mozilla/5.0 (X11; Linux x86_64) AppleWebKit/537.36 (KHTML, like Gecko) Chrome/139.0.0.0 Safari/537.36"[39m
2025-08-25 12:04:54:454 [32minfo[39m: [32m::1 - - [25/Aug/2025:09:04:54 +0000] "POST /api/auth/login HTTP/1.1" 401 61 "http://localhost:5173/" "Mozilla/5.0 (X11; Linux x86_64) AppleWebKit/537.36 (KHTML, like Gecko) Chrome/139.0.0.0 Safari/537.36"[39m
2025-08-25 12:34:52:3452 [32minfo[39m: [32m::1 - - [25/Aug/2025:09:34:52 +0000] "POST /api/auth/login HTTP/1.1" 401 61 "http://localhost:5173/" "Mozilla/5.0 (X11; Linux x86_64) AppleWebKit/537.36 (KHTML, like Gecko) Chrome/139.0.0.0 Safari/537.36"[39m
2025-08-25 12:43:20:4320 [32minfo[39m: [32m::1 - - [25/Aug/2025:09:43:20 +0000] "POST /api/auth/login HTTP/1.1" 401 61 "http://localhost:5173/" "Mozilla/5.0 (X11; Linux x86_64) AppleWebKit/537.36 (KHTML, like Gecko) Chrome/139.0.0.0 Safari/537.36"[39m
2025-08-25 16:14:23:1423 [32minfo[39m: [32m::1 - - [25/Aug/2025:13:14:23 +0000] "POST /api/auth/login HTTP/1.1" 401 61 "http://localhost:5173/" "Mozilla/5.0 (X11; Linux x86_64) AppleWebKit/537.36 (KHTML, like Gecko) Chrome/139.0.0.0 Safari/537.36"[39m
2025-08-25 16:18:19:1819 [32minfo[39m: [32m::1 - - [25/Aug/2025:13:18:19 +0000] "POST /api/auth/login HTTP/1.1" 401 61 "http://localhost:5173/" "Mozilla/5.0 (X11; Linux x86_64) AppleWebKit/537.36 (KHTML, like Gecko) Chrome/139.0.0.0 Safari/537.36"[39m
2025-08-25 16:28:57:2857 [32minfo[39m: [32m::1 - - [25/Aug/2025:13:28:57 +0000] "POST /api/auth/login HTTP/1.1" 401 61 "http://localhost:5173/" "Mozilla/5.0 (X11; Linux x86_64) AppleWebKit/537.36 (KHTML, like Gecko) Chrome/139.0.0.0 Safari/537.36"[39m
2025-08-25 16:35:19:3519 [32minfo[39m: [32m::1 - - [25/Aug/2025:13:35:19 +0000] "POST /api/auth/login HTTP/1.1" 401 61 "http://localhost:5173/" "Mozilla/5.0 (X11; Linux x86_64) AppleWebKit/537.36 (KHTML, like Gecko) Chrome/139.0.0.0 Safari/537.36"[39m
2025-08-25 16:46:27:4627 [32minfo[39m: [32m::1 - - [25/Aug/2025:13:46:27 +0000] "POST /api/auth/login HTTP/1.1" 401 61 "http://localhost:5173/" "Mozilla/5.0 (X11; Linux x86_64) AppleWebKit/537.36 (KHTML, like Gecko) Chrome/139.0.0.0 Safari/537.36"[39m
2025-08-25 16:58:52:5852 [32minfo[39m: [32m::1 - - [25/Aug/2025:13:58:52 +0000] "POST /api/auth/login HTTP/1.1" 401 61 "http://localhost:5173/" "Mozilla/5.0 (X11; Linux x86_64) AppleWebKit/537.36 (KHTML, like Gecko) Chrome/139.0.0.0 Safari/537.36"[39m
2025-08-25 17:27:15:2715 [32minfo[39m: [32m::1 - - [25/Aug/2025:14:27:15 +0000] "POST /api/auth/login HTTP/1.1" 401 61 "http://localhost:5173/" "Mozilla/5.0 (X11; Linux x86_64) AppleWebKit/537.36 (KHTML, like Gecko) Chrome/139.0.0.0 Safari/537.36"[39m
2025-08-25 17:37:20:3720 [32minfo[39m: [32m::1 - - [25/Aug/2025:14:37:20 +0000] "POST /api/auth/login HTTP/1.1" 401 61 "http://localhost:5173/" "Mozilla/5.0 (X11; Linux x86_64) AppleWebKit/537.36 (KHTML, like Gecko) Chrome/139.0.0.0 Safari/537.36"[39m
